INFO:root:,2018-11-26 16:38:52,Read CSV File Content...
ERROR:root:,2018-11-26 16:39:29,name 'TGOSQueryAddrAppId' is not defined
INFO:root:,2018-11-26 16:40:41,Read CSV File Content...
ERROR:root:,2018-11-26 16:40:48,name 'aAddress' is not defined
INFO:root:,2018-11-26 16:41:37,Read CSV File Content...
ERROR:root:,2018-11-26 16:42:04,Can't convert 'int' object to str implicitly
INFO:root:,2018-11-26 16:42:42,Read CSV File Content...
ERROR:root:,2018-11-26 16:42:47,Can't convert 'int' object to str implicitly
INFO:root:,2018-11-26 16:43:06,Read CSV File Content...
ERROR:root:,2018-11-26 16:43:26,local variable 'TGOSAddressTransferUrl' referenced before assignment
INFO:root:,2018-11-26 16:44:29,Read CSV File Content...
INFO:root:,2018-11-26 16:44:37,Address start transfering to XY...
INFO:root:,2018-11-26 16:47:27,Read CSV File Content...
INFO:root:,2018-11-26 16:47:32,Address start transfering to XY...
INFO:root:,2018-11-26 16:47:39,File download complete.
INFO:root:,2018-11-26 16:47:44,Address start transfering to XY...
INFO:root:,2018-11-26 16:49:03,Read CSV File Content...
INFO:root:,2018-11-26 16:50:32,Read CSV File Content...
INFO:root:,2018-11-26 16:53:20,Read CSV File Content...
INFO:root:,2018-11-26 17:05:04,Address start transfering to XY...
INFO:root:,2018-11-26 17:16:53,Read CSV File Content...
ERROR:root:,2018-11-26 17:16:53,name 'dictData' is not defined
INFO:root:,2018-11-26 17:18:19,Read CSV File Content...
ERROR:root:,2018-11-26 17:18:19,local variable 'dictData' referenced before assignment
INFO:root:,2018-11-26 17:18:43,Read CSV File Content...
INFO:root:,2018-11-26 17:18:59,Read CSV File Content...
ERROR:root:,2018-11-26 17:19:15,name 'URL_Param' is not defined
INFO:root:,2018-11-26 17:20:00,Read CSV File Content...
INFO:root:,2018-11-26 17:20:05,Address start transfering to XY...
INFO:root:,2018-11-26 17:20:37,Read CSV File Content...
INFO:root:,2018-11-26 17:20:43,Address start transfering to XY...
INFO:root:,2018-11-26 17:21:26,Read CSV File Content...
INFO:root:,2018-11-26 17:21:28,Address start transfering to XY...
INFO:root:,2018-11-26 17:23:52,Read CSV File Content...
INFO:root:,2018-11-26 17:23:56,Address start transfering to XY...
INFO:root:,2018-11-26 19:32:01,Read CSV File Content...
INFO:root:,2018-11-26 19:32:10,Address start transfering to XY...
INFO:root:,2018-11-26 19:33:02,Address start transfering to XY...
INFO:root:,2018-11-26 19:33:14,Address start transfering to XY...
ERROR:root:,2018-11-26 19:33:40,HTTPSConnectionPool(host='addr.tgos.tw', port=443): Max retries exceeded with url: /addrws/v30/QueryAddr.asmx/QueryAddr (Caused by NewConnectionError('<urllib3.connection.VerifiedHTTPSConnection object at 0x000001CB46509AC8>: Failed to establish a new connection: [WinError 10060] 連線嘗試失敗，因為連線對象有一段時間並未正確回應，或是連線建立失敗，因為連線的主機無法回應。',))
INFO:root:,2018-11-26 19:34:06,Read CSV File Content...
INFO:root:,2018-11-26 19:34:12,Address start transfering to XY...
INFO:root:,2018-11-26 19:34:26,Address start transfering to XY...
INFO:root:,2018-11-26 19:34:39,Address start transfering to XY...
INFO:root:,2018-11-26 19:43:09,Address start transfering to XY...
INFO:root:,2018-11-26 19:43:14,Read CSV File Content...
INFO:root:,2018-11-26 19:43:20,Address start transfering to XY...
ERROR:root:,2018-11-26 19:43:41,'str' object has no attribute 'read'
INFO:root:,2018-11-26 19:45:31,Read CSV File Content...
INFO:root:,2018-11-26 19:45:38,Address start transfering to XY...
ERROR:root:,2018-11-26 19:45:44,Expecting value: line 1 column 1 (char 0)
INFO:root:,2018-11-26 19:46:36,Read CSV File Content...
INFO:root:,2018-11-26 19:46:41,Address start transfering to XY...
ERROR:root:,2018-11-26 19:46:56,Expecting value: line 1 column 1 (char 0)
INFO:root:,2018-11-26 19:47:53,Read CSV File Content...
INFO:root:,2018-11-26 19:47:57,Address start transfering to XY...
INFO:root:,2018-11-26 19:50:24,Read CSV File Content...
INFO:root:,2018-11-26 19:50:28,Address start transfering to XY...
ERROR:root:,2018-11-26 19:55:00,Expecting value: line 1 column 1 (char 0)
INFO:root:,2018-11-26 19:55:56,Read CSV File Content...
INFO:root:,2018-11-26 19:56:00,Address start transfering to XY...
ERROR:root:,2018-11-26 19:56:07,'Response' object has no attribute 'sub'
INFO:root:,2018-11-26 19:57:44,Read CSV File Content...
INFO:root:,2018-11-26 19:57:48,Address start transfering to XY...
ERROR:root:,2018-11-26 19:58:05,Expecting value: line 1 column 1 (char 0)
INFO:root:,2018-11-26 20:05:54,Read CSV File Content...
INFO:root:,2018-11-26 20:06:09,Address start transfering to XY...
INFO:root:,2018-11-26 20:11:33,Read CSV File Content...
INFO:root:,2018-11-26 20:33:20,Address start transfering to XY...
ERROR:root:,2018-11-26 20:33:21,Expecting value: line 1 column 1 (char 0)
INFO:root:,2018-11-26 20:39:32,Read CSV File Content...
INFO:root:,2018-11-26 20:39:36,Address start transfering to XY...
INFO:root:,2018-11-26 20:39:49,Address start transfering to XY...
INFO:root:,2018-11-26 20:39:49,Address start transfering to XY...
INFO:root:,2018-11-26 20:40:46,Read CSV File Content...
INFO:root:,2018-11-26 20:40:49,Address start transfering to XY...
INFO:root:,2018-11-26 20:41:32,Read CSV File Content...
INFO:root:,2018-11-26 20:41:35,Address start transfering to XY...
ERROR:root:,2018-11-26 20:41:52,Extra data: line 1 column 9 (char 8)
INFO:root:,2018-11-26 20:42:03,Read CSV File Content...
INFO:root:,2018-11-26 20:42:06,Address start transfering to XY...
ERROR:root:,2018-11-26 20:42:59,Extra data: line 1 column 7 (char 6)
INFO:root:,2018-11-26 20:46:10,Read CSV File Content...
INFO:root:,2018-11-26 20:46:12,Address start transfering to XY...
ERROR:root:,2018-11-26 20:47:41,Extra data: line 1 column 7 (char 6)
INFO:root:,2018-11-26 20:48:45,Read CSV File Content...
INFO:root:,2018-11-26 20:48:48,Address start transfering to XY...
INFO:root:,2018-11-26 20:51:37,Read CSV File Content...
INFO:root:,2018-11-26 20:51:41,Address start transfering to XY...
INFO:root:,2018-11-26 20:52:44,Read CSV File Content...
INFO:root:,2018-11-26 20:52:48,Address start transfering to XY...
INFO:root:,2018-11-26 21:01:46,Read CSV File Content...
INFO:root:,2018-11-26 21:01:49,Address start transfering to XY...
ERROR:root:,2018-11-26 21:02:01,name 'Twd97_Transfer' is not defined
INFO:root:,2018-11-26 21:03:59,Read CSV File Content...
INFO:root:,2018-11-26 21:04:01,Address start transfering to XY...
INFO:root:,2018-11-26 21:04:22,Address start transfering to XY...
INFO:root:,2018-11-26 21:05:30,Read CSV File Content...
INFO:root:,2018-11-26 21:05:34,Address start transfering to XY...
INFO:root:,2018-11-26 21:07:34,Read CSV File Content...
INFO:root:,2018-11-26 21:07:36,Address start transfering to XY...
INFO:root:,2018-11-26 21:08:28,Read CSV File Content...
INFO:root:,2018-11-26 21:08:30,Address start transfering to XY...
INFO:root:,2018-11-26 21:10:28,Read CSV File Content...
INFO:root:,2018-11-26 21:10:31,Address start transfering to XY...
ERROR:root:,2018-11-26 21:23:47,name 'codecs' is not defined
INFO:root:,2018-11-26 21:24:11,Read CSV File Content...
INFO:root:,2018-11-26 21:24:13,Address start transfering to XY...
ERROR:root:,2018-11-26 21:24:38,can only concatenate list (not "str") to list
INFO:root:,2018-11-26 21:26:19,Read CSV File Content...
INFO:root:,2018-11-26 21:26:21,Address start transfering to XY...
ERROR:root:,2018-11-26 21:26:31,Can't convert 'float' object to str implicitly
INFO:root:,2018-11-26 21:27:32,Read CSV File Content...
INFO:root:,2018-11-26 21:27:34,Address start transfering to XY...
INFO:root:,2018-11-26 21:27:45,Address start transfering to XY...
INFO:root:,2018-11-26 21:27:49,Address start transfering to XY...
INFO:root:,2018-11-26 21:27:54,Address start transfering to XY...
INFO:root:,2018-11-26 21:27:58,Address start transfering to XY...
INFO:root:,2018-11-26 21:27:59,Address start transfering to XY...
ERROR:root:,2018-11-26 21:28:02,can only concatenate list (not "str") to list
INFO:root:,2018-11-26 21:33:38,Read CSV File Content...
INFO:root:,2018-11-26 21:33:38,Address start transfering to XY...
INFO:root:,2018-11-26 21:34:34,Read CSV File Content...
INFO:root:,2018-11-26 21:34:34,Address start transfering to XY...
INFO:root:,2018-11-26 21:34:46,Address start transfering to XY...
INFO:root:,2018-11-26 21:35:40,Read CSV File Content...
INFO:root:,2018-11-26 21:35:40,Address start transfering to XY...
INFO:root:,2018-11-26 21:35:55,Address start transfering to XY...
INFO:root:,2018-11-26 21:35:58,Address start transfering to XY...
INFO:root:,2018-11-26 21:35:59,Address start transfering to XY...
INFO:root:,2018-11-26 21:36:05,Address start transfering to XY...
INFO:root:,2018-11-26 21:36:23,Address start transfering to XY...
INFO:root:,2018-11-26 21:36:24,Address start transfering to XY...
INFO:root:,2018-11-26 21:36:27,Address start transfering to XY...
INFO:root:,2018-11-26 21:36:27,Address start transfering to XY...
ERROR:root:,2018-11-26 21:36:48,HTTPSConnectionPool(host='addr.tgos.tw', port=443): Max retries exceeded with url: /addrws/v30/QueryAddr.asmx/QueryAddr (Caused by NewConnectionError('<urllib3.connection.VerifiedHTTPSConnection object at 0x0000023E6609E780>: Failed to establish a new connection: [WinError 10060] 連線嘗試失敗，因為連線對象有一段時間並未正確回應，或是連線建立失敗，因為連線的主機無法回應。',))
INFO:root:,2018-11-26 21:40:19,Read CSV File Content...
INFO:root:,2018-11-26 21:40:19,Address start transfering to XY...
INFO:root:,2018-11-26 21:40:23,Address start transfering to XY...
INFO:root:,2018-11-26 21:40:26,Address start transfering to XY...
INFO:root:,2018-11-26 21:40:26,Address start transfering to XY...
INFO:root:,2018-11-26 21:40:29,Address start transfering to XY...
INFO:root:,2018-11-26 21:40:32,Address start transfering to XY...
INFO:root:,2018-11-26 21:40:37,Address start transfering to XY...
INFO:root:,2018-11-26 21:40:37,Address start transfering to XY...
INFO:root:,2018-11-26 21:40:39,Address start transfering to XY...
INFO:root:,2018-11-26 21:40:41,Address start transfering to XY...
INFO:root:,2018-11-26 21:40:42,Address start transfering to XY...
INFO:root:,2018-11-26 21:40:50,Address start transfering to XY...
INFO:root:,2018-11-26 21:40:51,Address start transfering to XY...
INFO:root:,2018-11-26 21:42:13,Read CSV File Content...
INFO:root:,2018-11-26 21:42:13,Address start transfering to XY...
INFO:root:,2018-11-26 21:42:17,Address start transfering to XY...
INFO:root:,2018-11-26 21:42:24,Address start transfering to XY...
INFO:root:,2018-11-26 21:42:29,Address start transfering to XY...
INFO:root:,2018-11-26 21:42:41,Address start transfering to XY...
INFO:root:,2018-11-26 21:42:47,Address start transfering to XY...
INFO:root:,2018-11-26 21:42:53,Address start transfering to XY...
INFO:root:,2018-11-26 21:42:56,Address start transfering to XY...
ERROR:root:,2018-11-26 21:43:17,HTTPSConnectionPool(host='addr.tgos.tw', port=443): Max retries exceeded with url: /addrws/v30/QueryAddr.asmx/QueryAddr (Caused by NewConnectionError('<urllib3.connection.VerifiedHTTPSConnection object at 0x00000297B71CD4A8>: Failed to establish a new connection: [WinError 10060] 連線嘗試失敗，因為連線對象有一段時間並未正確回應，或是連線建立失敗，因為連線的主機無法回應。',))
INFO:root:,2018-11-26 22:27:29,Read CSV File Content...
INFO:root:,2018-11-26 22:27:29,Address start transfering to XY...
INFO:root:,2018-11-26 22:28:00,Address start transfering to XY...
INFO:root:,2018-11-26 22:28:32,Address start transfering to XY...
INFO:root:,2018-11-26 22:29:27,Address start transfering to XY...
INFO:root:,2018-11-26 22:40:31,Read CSV File Content...
INFO:root:,2018-11-26 22:40:31,Address start transfering to XY...
INFO:root:,2018-11-26 22:45:27,Read CSV File Content...
INFO:root:,2018-11-26 22:45:27,Address start transfering to XY...
INFO:root:,2018-11-26 22:45:54,Address start transfering to XY...
INFO:root:,2018-11-26 23:08:59,Read CSV File Content...
INFO:root:,2018-11-26 23:08:59,Address start transfering to XY...
ERROR:root:,2018-11-26 23:09:08,a bytes-like object is required, not 'str'
INFO:root:,2018-11-26 23:09:22,Read CSV File Content...
INFO:root:,2018-11-26 23:09:22,Address start transfering to XY...
INFO:root:,2018-11-26 23:09:49,Address start transfering to XY...
INFO:root:,2018-11-26 23:09:54,Address start transfering to XY...
INFO:root:,2018-11-26 23:09:58,Address start transfering to XY...
INFO:root:,2018-11-26 23:09:59,Address start transfering to XY...
INFO:root:,2018-11-26 23:10:01,Address start transfering to XY...
INFO:root:,2018-11-26 23:10:05,Address start transfering to XY...
INFO:root:,2018-11-26 23:10:07,Address start transfering to XY...
INFO:root:,2018-11-26 23:10:09,Address start transfering to XY...
INFO:root:,2018-11-26 23:10:23,Address start transfering to XY...
INFO:root:,2018-11-26 23:10:27,Address start transfering to XY...
INFO:root:,2018-11-26 23:10:43,Address start transfering to XY...
INFO:root:,2018-11-26 23:10:43,Address start transfering to XY...
INFO:root:,2018-11-26 23:10:43,Address start transfering to XY...
INFO:root:,2018-11-26 23:10:44,Address start transfering to XY...
INFO:root:,2018-11-26 23:10:46,Address start transfering to XY...
INFO:root:,2018-11-26 23:10:50,Address start transfering to XY...
INFO:root:,2018-11-26 23:10:50,Address start transfering to XY...
INFO:root:,2018-11-26 23:10:53,Address start transfering to XY...
INFO:root:,2018-11-26 23:11:06,Address start transfering to XY...
INFO:root:,2018-11-26 23:11:08,Address start transfering to XY...
INFO:root:,2018-11-26 23:11:13,Address start transfering to XY...
INFO:root:,2018-11-26 23:11:19,Address start transfering to XY...
INFO:root:,2018-11-26 23:11:22,Address start transfering to XY...
INFO:root:,2018-11-26 23:11:22,Address start transfering to XY...
INFO:root:,2018-11-26 23:11:24,Address start transfering to XY...
INFO:root:,2018-11-26 23:11:29,Address start transfering to XY...
INFO:root:,2018-11-26 23:11:33,Address start transfering to XY...
INFO:root:,2018-11-26 23:11:37,Address start transfering to XY...
INFO:root:,2018-11-26 23:11:38,Address start transfering to XY...
INFO:root:,2018-11-26 23:11:43,Address start transfering to XY...
INFO:root:,2018-11-26 23:11:45,Address start transfering to XY...
INFO:root:,2018-11-26 23:11:46,Address start transfering to XY...
INFO:root:,2018-11-26 23:11:47,Address start transfering to XY...
INFO:root:,2018-11-26 23:11:48,Address start transfering to XY...
INFO:root:,2018-11-26 23:11:53,Address start transfering to XY...
INFO:root:,2018-11-26 23:11:54,Address start transfering to XY...
INFO:root:,2018-11-26 23:12:00,Address start transfering to XY...
INFO:root:,2018-11-26 23:12:04,Address start transfering to XY...
INFO:root:,2018-11-26 23:12:07,Address start transfering to XY...
INFO:root:,2018-11-26 23:12:15,Address start transfering to XY...
INFO:root:,2018-11-26 23:12:16,Address start transfering to XY...
INFO:root:,2018-11-26 23:12:22,Address start transfering to XY...
INFO:root:,2018-11-26 23:12:27,Address start transfering to XY...
INFO:root:,2018-11-26 23:12:30,Address start transfering to XY...
INFO:root:,2018-11-26 23:12:32,Address start transfering to XY...
INFO:root:,2018-11-26 23:12:34,Address start transfering to XY...
INFO:root:,2018-11-26 23:12:41,Address start transfering to XY...
INFO:root:,2018-11-26 23:12:42,Address start transfering to XY...
INFO:root:,2018-11-26 23:12:45,Address start transfering to XY...
INFO:root:,2018-11-26 23:12:47,Address start transfering to XY...
INFO:root:,2018-11-26 23:12:50,Address start transfering to XY...
INFO:root:,2018-11-26 23:12:52,Address start transfering to XY...
INFO:root:,2018-11-26 23:13:24,Address start transfering to XY...
INFO:root:,2018-11-26 23:13:43,Address start transfering to XY...
INFO:root:,2018-11-26 23:13:44,Address start transfering to XY...
INFO:root:,2018-11-26 23:13:47,Address start transfering to XY...
INFO:root:,2018-11-26 23:14:03,Address start transfering to XY...
INFO:root:,2018-11-26 23:14:08,Address start transfering to XY...
INFO:root:,2018-11-26 23:14:10,Address start transfering to XY...
INFO:root:,2018-11-26 23:14:11,Address start transfering to XY...
INFO:root:,2018-11-26 23:14:14,Address start transfering to XY...
INFO:root:,2018-11-26 23:14:16,Address start transfering to XY...
INFO:root:,2018-11-26 23:14:21,Address start transfering to XY...
INFO:root:,2018-11-26 23:14:22,Address start transfering to XY...
INFO:root:,2018-11-26 23:14:23,Address start transfering to XY...
INFO:root:,2018-11-26 23:14:25,Address start transfering to XY...
INFO:root:,2018-11-26 23:14:26,Address start transfering to XY...
INFO:root:,2018-11-26 23:14:36,Address start transfering to XY...
INFO:root:,2018-11-26 23:14:40,Address start transfering to XY...
INFO:root:,2018-11-26 23:14:43,Address start transfering to XY...
INFO:root:,2018-11-26 23:14:47,Address start transfering to XY...
ERROR:root:,2018-11-26 23:15:08,HTTPSConnectionPool(host='addr.tgos.tw', port=443): Max retries exceeded with url: /addrws/v30/QueryAddr.asmx/QueryAddr (Caused by NewConnectionError('<urllib3.connection.VerifiedHTTPSConnection object at 0x0000023BAF2878D0>: Failed to establish a new connection: [WinError 10060] 連線嘗試失敗，因為連線對象有一段時間並未正確回應，或是連線建立失敗，因為連線的主機無法回應。',))
